<?xml version="1.0" encoding="UTF-8"?>
<testsuite name="交易相关测试"
           tests="17"
           failures="5"
           errors="0"
           skipped="0"
           time="1737.776">
  <properties />
            <testcase name="test赎回活期产品到余额" time="134.073" classname="com.hjs.cases.TradeTestCase">
                <failure type="java.lang.Exception"
                  message="滑动到底找不到该元素//android.widget.TextView[@text=&apos;恒存金(10000038)&apos;]"
              >
<![CDATA[java.lang.Exception: 滑动到底找不到该元素//android.widget.TextView[@text='恒存金(10000038)']
  com.hjs.config.CommonAppiumPage.scrollTo(CommonAppiumPage.java:117)
  com.hjs.pages.FinancialPageObject.clickCurrentDepositProduct(FinancialPageObject.java:34)
  com.hjs.cases.TradeTestCase.test赎回活期产品到余额(TradeTestCase.java:388)
  sun.reflect.NativeMethodAccessorImpl.invoke0(Native Method)
  sun.reflect.NativeMethodAccessorImpl.invoke(NativeMethodAccessorImpl.java:62)
  sun.reflect.DelegatingMethodAccessorImpl.invoke(DelegatingMethodAccessorImpl.java:43)
  java.lang.reflect.Method.invoke(Method.java:498)
  org.testng.internal.MethodInvocationHelper.invokeMethod(MethodInvocationHelper.java:84)
  org.testng.internal.Invoker.invokeMethod(Invoker.java:714)
  org.testng.internal.Invoker.invokeTestMethod(Invoker.java:901)
  org.testng.internal.Invoker.invokeTestMethods(Invoker.java:1231)
  org.testng.internal.TestMethodWorker.invokeTestMethods(TestMethodWorker.java:127)
  org.testng.internal.TestMethodWorker.run(TestMethodWorker.java:111)
  org.testng.TestRunner.privateRun(TestRunner.java:767)
  org.testng.TestRunner.run(TestRunner.java:617)
  org.testng.SuiteRunner.runTest(SuiteRunner.java:348)
  org.testng.SuiteRunner.runSequentially(SuiteRunner.java:343)
  org.testng.SuiteRunner.privateRun(SuiteRunner.java:305)
  org.testng.SuiteRunner.run(SuiteRunner.java:254)
  org.testng.SuiteRunnerWorker.runSuite(SuiteRunnerWorker.java:52)
  org.testng.SuiteRunnerWorker.run(SuiteRunnerWorker.java:86)
  org.testng.TestNG.runSuitesSequentially(TestNG.java:1224)
  org.testng.TestNG.runSuitesLocally(TestNG.java:1149)
  org.testng.TestNG.run(TestNG.java:1057)
  org.testng.remote.AbstractRemoteTestNG.run(AbstractRemoteTestNG.java:132)
  org.testng.remote.RemoteTestNG.initAndRun(RemoteTestNG.java:230)
  org.testng.remote.RemoteTestNG.main(RemoteTestNG.java:76)
]]>
      </failure>

          </testcase>
            <testcase name="test银行卡不带券购买活期产品" time="52.806" classname="com.hjs.cases.TradeTestCase">
                <failure type="java.lang.Exception"
                  message="滑动到底找不到该元素//android.widget.TextView[@text=&apos;恒存金(10000038)&apos;]"
              >
<![CDATA[java.lang.Exception: 滑动到底找不到该元素//android.widget.TextView[@text='恒存金(10000038)']
  com.hjs.config.CommonAppiumPage.scrollTo(CommonAppiumPage.java:117)
  com.hjs.pages.FinancialPageObject.clickCurrentDepositProduct(FinancialPageObject.java:34)
  com.hjs.cases.TradeTestCase.test银行卡不带券购买活期产品(TradeTestCase.java:298)
  sun.reflect.NativeMethodAccessorImpl.invoke0(Native Method)
  sun.reflect.NativeMethodAccessorImpl.invoke(NativeMethodAccessorImpl.java:62)
  sun.reflect.DelegatingMethodAccessorImpl.invoke(DelegatingMethodAccessorImpl.java:43)
  java.lang.reflect.Method.invoke(Method.java:498)
  org.testng.internal.MethodInvocationHelper.invokeMethod(MethodInvocationHelper.java:84)
  org.testng.internal.Invoker.invokeMethod(Invoker.java:714)
  org.testng.internal.Invoker.invokeTestMethod(Invoker.java:901)
  org.testng.internal.Invoker.invokeTestMethods(Invoker.java:1231)
  org.testng.internal.TestMethodWorker.invokeTestMethods(TestMethodWorker.java:127)
  org.testng.internal.TestMethodWorker.run(TestMethodWorker.java:111)
  org.testng.TestRunner.privateRun(TestRunner.java:767)
  org.testng.TestRunner.run(TestRunner.java:617)
  org.testng.SuiteRunner.runTest(SuiteRunner.java:348)
  org.testng.SuiteRunner.runSequentially(SuiteRunner.java:343)
  org.testng.SuiteRunner.privateRun(SuiteRunner.java:305)
  org.testng.SuiteRunner.run(SuiteRunner.java:254)
  org.testng.SuiteRunnerWorker.runSuite(SuiteRunnerWorker.java:52)
  org.testng.SuiteRunnerWorker.run(SuiteRunnerWorker.java:86)
  org.testng.TestNG.runSuitesSequentially(TestNG.java:1224)
  org.testng.TestNG.runSuitesLocally(TestNG.java:1149)
  org.testng.TestNG.run(TestNG.java:1057)
  org.testng.remote.AbstractRemoteTestNG.run(AbstractRemoteTestNG.java:132)
  org.testng.remote.RemoteTestNG.initAndRun(RemoteTestNG.java:230)
  org.testng.remote.RemoteTestNG.main(RemoteTestNG.java:76)
]]>
      </failure>

          </testcase>
            <testcase name="test理财页产品信息" time="160.020" classname="com.hjs.cases.TradeTestCase">
                <failure type="java.lang.Exception"
                  message="滑动到底找不到该元素//android.widget.TextView[@text=&apos;黄XAutoTest产品170710192429&apos;]"
              >
<![CDATA[java.lang.Exception: 滑动到底找不到该元素//android.widget.TextView[@text='黄XAutoTest产品170710192429']
  com.hjs.config.CommonAppiumPage.scrollTo(CommonAppiumPage.java:117)
  com.hjs.pages.FinancialPageObject.testProductInfo(FinancialPageObject.java:54)
  com.hjs.cases.TradeTestCase.test理财页产品信息(TradeTestCase.java:64)
  sun.reflect.NativeMethodAccessorImpl.invoke0(Native Method)
  sun.reflect.NativeMethodAccessorImpl.invoke(NativeMethodAccessorImpl.java:62)
  sun.reflect.DelegatingMethodAccessorImpl.invoke(DelegatingMethodAccessorImpl.java:43)
  java.lang.reflect.Method.invoke(Method.java:498)
  org.testng.internal.MethodInvocationHelper.invokeMethod(MethodInvocationHelper.java:84)
  org.testng.internal.Invoker.invokeMethod(Invoker.java:714)
  org.testng.internal.Invoker.invokeTestMethod(Invoker.java:901)
  org.testng.internal.Invoker.invokeTestMethods(Invoker.java:1231)
  org.testng.internal.TestMethodWorker.invokeTestMethods(TestMethodWorker.java:127)
  org.testng.internal.TestMethodWorker.run(TestMethodWorker.java:111)
  org.testng.TestRunner.privateRun(TestRunner.java:767)
  org.testng.TestRunner.run(TestRunner.java:617)
  org.testng.SuiteRunner.runTest(SuiteRunner.java:348)
  org.testng.SuiteRunner.runSequentially(SuiteRunner.java:343)
  org.testng.SuiteRunner.privateRun(SuiteRunner.java:305)
  org.testng.SuiteRunner.run(SuiteRunner.java:254)
  org.testng.SuiteRunnerWorker.runSuite(SuiteRunnerWorker.java:52)
  org.testng.SuiteRunnerWorker.run(SuiteRunnerWorker.java:86)
  org.testng.TestNG.runSuitesSequentially(TestNG.java:1224)
  org.testng.TestNG.runSuitesLocally(TestNG.java:1149)
  org.testng.TestNG.run(TestNG.java:1057)
  org.testng.remote.AbstractRemoteTestNG.run(AbstractRemoteTestNG.java:132)
  org.testng.remote.RemoteTestNG.initAndRun(RemoteTestNG.java:230)
  org.testng.remote.RemoteTestNG.main(RemoteTestNG.java:76)
]]>
      </failure>

          </testcase>
            <testcase name="test银行卡不带券购买定期产品失败场景" time="136.187" classname="com.hjs.cases.TradeTestCase">
                <failure type="java.lang.AssertionError"
                  message="未跳转到投资失败页面，页面信息为:投资申请已提交 expected [true] but found [false]"
              >
<![CDATA[java.lang.AssertionError: 未跳转到投资失败页面，页面信息为:投资申请已提交 expected [true] but found [false]
  org.testng.Assert.fail(Assert.java:94)
  org.testng.Assert.failNotEquals(Assert.java:494)
  org.testng.Assert.assertTrue(Assert.java:42)
  com.hjs.cases.TradeTestCase.test银行卡不带券购买定期产品失败场景(TradeTestCase.java:327)
  sun.reflect.NativeMethodAccessorImpl.invoke0(Native Method)
  sun.reflect.NativeMethodAccessorImpl.invoke(NativeMethodAccessorImpl.java:62)
  sun.reflect.DelegatingMethodAccessorImpl.invoke(DelegatingMethodAccessorImpl.java:43)
  java.lang.reflect.Method.invoke(Method.java:498)
  org.testng.internal.MethodInvocationHelper.invokeMethod(MethodInvocationHelper.java:84)
  org.testng.internal.Invoker.invokeMethod(Invoker.java:714)
  org.testng.internal.Invoker.invokeTestMethod(Invoker.java:901)
  org.testng.internal.Invoker.invokeTestMethods(Invoker.java:1231)
  org.testng.internal.TestMethodWorker.invokeTestMethods(TestMethodWorker.java:127)
  org.testng.internal.TestMethodWorker.run(TestMethodWorker.java:111)
  org.testng.TestRunner.privateRun(TestRunner.java:767)
  org.testng.TestRunner.run(TestRunner.java:617)
  org.testng.SuiteRunner.runTest(SuiteRunner.java:348)
  org.testng.SuiteRunner.runSequentially(SuiteRunner.java:343)
  org.testng.SuiteRunner.privateRun(SuiteRunner.java:305)
  org.testng.SuiteRunner.run(SuiteRunner.java:254)
  org.testng.SuiteRunnerWorker.runSuite(SuiteRunnerWorker.java:52)
  org.testng.SuiteRunnerWorker.run(SuiteRunnerWorker.java:86)
  org.testng.TestNG.runSuitesSequentially(TestNG.java:1224)
  org.testng.TestNG.runSuitesLocally(TestNG.java:1149)
  org.testng.TestNG.run(TestNG.java:1057)
  org.testng.remote.AbstractRemoteTestNG.run(AbstractRemoteTestNG.java:132)
  org.testng.remote.RemoteTestNG.initAndRun(RemoteTestNG.java:230)
  org.testng.remote.RemoteTestNG.main(RemoteTestNG.java:76)
]]>
      </failure>

          </testcase>
            <testcase name="test余额不带券购买活期产品" time="51.512" classname="com.hjs.cases.TradeTestCase">
                <failure type="java.lang.Exception"
                  message="滑动到底找不到该元素//android.widget.TextView[@text=&apos;恒存金(10000038)&apos;]"
              >
<![CDATA[java.lang.Exception: 滑动到底找不到该元素//android.widget.TextView[@text='恒存金(10000038)']
  com.hjs.config.CommonAppiumPage.scrollTo(CommonAppiumPage.java:117)
  com.hjs.pages.FinancialPageObject.clickCurrentDepositProduct(FinancialPageObject.java:34)
  com.hjs.cases.TradeTestCase.test余额不带券购买活期产品(TradeTestCase.java:279)
  sun.reflect.NativeMethodAccessorImpl.invoke0(Native Method)
  sun.reflect.NativeMethodAccessorImpl.invoke(NativeMethodAccessorImpl.java:62)
  sun.reflect.DelegatingMethodAccessorImpl.invoke(DelegatingMethodAccessorImpl.java:43)
  java.lang.reflect.Method.invoke(Method.java:498)
  org.testng.internal.MethodInvocationHelper.invokeMethod(MethodInvocationHelper.java:84)
  org.testng.internal.Invoker.invokeMethod(Invoker.java:714)
  org.testng.internal.Invoker.invokeTestMethod(Invoker.java:901)
  org.testng.internal.Invoker.invokeTestMethods(Invoker.java:1231)
  org.testng.internal.TestMethodWorker.invokeTestMethods(TestMethodWorker.java:127)
  org.testng.internal.TestMethodWorker.run(TestMethodWorker.java:111)
  org.testng.TestRunner.privateRun(TestRunner.java:767)
  org.testng.TestRunner.run(TestRunner.java:617)
  org.testng.SuiteRunner.runTest(SuiteRunner.java:348)
  org.testng.SuiteRunner.runSequentially(SuiteRunner.java:343)
  org.testng.SuiteRunner.privateRun(SuiteRunner.java:305)
  org.testng.SuiteRunner.run(SuiteRunner.java:254)
  org.testng.SuiteRunnerWorker.runSuite(SuiteRunnerWorker.java:52)
  org.testng.SuiteRunnerWorker.run(SuiteRunnerWorker.java:86)
  org.testng.TestNG.runSuitesSequentially(TestNG.java:1224)
  org.testng.TestNG.runSuitesLocally(TestNG.java:1149)
  org.testng.TestNG.run(TestNG.java:1057)
  org.testng.remote.AbstractRemoteTestNG.run(AbstractRemoteTestNG.java:132)
  org.testng.remote.RemoteTestNG.initAndRun(RemoteTestNG.java:230)
  org.testng.remote.RemoteTestNG.main(RemoteTestNG.java:76)
]]>
      </failure>

          </testcase>
  
  
            <testcase name="test充值" time="117.204" classname="com.hjs.cases.TradeTestCase" />
                <testcase name="test银行卡现金券无验证码购买定期产品" time="106.233" classname="com.hjs.cases.TradeTestCase" />
                <testcase name="test银行卡不带券购买定期产品" time="120.322" classname="com.hjs.cases.TradeTestCase" />
                <testcase name="test银行卡现金券购买定期产品" time="123.641" classname="com.hjs.cases.TradeTestCase" />
                <testcase name="test我的定期产品信息" time="54.747" classname="com.hjs.cases.TradeTestCase" />
                <testcase name="test银行卡不带券无短信验证码购买定期产品" time="107.909" classname="com.hjs.cases.TradeTestCase" />
                <testcase name="test提现" time="82.521" classname="com.hjs.cases.TradeTestCase" />
                <testcase name="test银行卡加息券无验证码购买定期产品" time="106.442" classname="com.hjs.cases.TradeTestCase" />
                <testcase name="test银行卡加息券购买定期理财产品" time="118.937" classname="com.hjs.cases.TradeTestCase" />
                <testcase name="test余额现金券购买定期产品" time="87.077" classname="com.hjs.cases.TradeTestCase" />
                <testcase name="test余额加息券购买定期产品" time="89.078" classname="com.hjs.cases.TradeTestCase" />
                <testcase name="test余额不带券购买定期产品" time="89.067" classname="com.hjs.cases.TradeTestCase" />
      
</testsuite>
