<!DOCTYPE html PUBLIC "-//W3C//DTD XHTML 1.1//EN" "http://www.w3.org/TR/xhtml11/DTD/xhtml11.dtd">
<html xmlns="http://www.w3.org/1999/xhtml"><head><title>TestNG Report</title><style type="text/css">table {margin-bottom:10px;border-collapse:collapse;empty-cells:show}th,td {border:1px solid #009;padding:.25em .5em}th {vertical-align:bottom}td {vertical-align:top}table a {font-weight:bold}.stripe td {background-color: #E6EBF9}.num {text-align:right}.passedodd td {background-color: #3F3}.passedeven td {background-color: #0A0}.skippedodd td {background-color: #DDD}.skippedeven td {background-color: #CCC}.failedodd td,.attn {background-color: #F33}.failedeven td,.stripe .attn {background-color: #D00}.stacktrace {white-space:pre;font-family:monospace}.totop {font-size:85%;text-align:center;border-bottom:2px solid #000}</style></head><body><table><tr><th>Test</th><th># Passed</th><th># Skipped</th><th># Failed</th><th>Time (ms)</th><th>Included Groups</th><th>Excluded Groups</th></tr><tr><th colspan="7">TestNG 项目报告</th></tr><tr><td><a href="#t0">AppTest</a></td><td class="num">0</td><td class="num">0</td><td class="num attn">2</td><td class="num">48,070</td><td></td><td></td></tr></table><table><thead><tr><th>Class</th><th>Method</th><th>Start</th><th>Time (ms)</th></tr></thead><tbody><tr><th colspan="4">TestNG 项目报告</th></tr></tbody><tbody id="t0"><tr><th colspan="4">AppTest &#8212; failed</th></tr><tr class="failedeven"><td rowspan="2">com.hjs.cases.AccountManageTestCase</td><td><a href="#m0">testRealNameAndSetBankCard</a></td><td rowspan="1">1499420592768</td><td rowspan="1">16786</td></tr><tr class="failedeven"><td><a href="#m1">testUnBundBankCard</a></td><td rowspan="1">1499420610346</td><td rowspan="1">29717</td></tr></tbody></table><h2>AppTest</h2><h3 id="m0">com.hjs.cases.AccountManageTestCase#testRealNameAndSetBankCard</h3><table class="result"><tr><th>Messages</th></tr><tr><td><div class="messages">C:\Users\huangxiao\git\Test-UI-AndroidAuto\snapshot<br/>&lt;img src=&apos;C:\Users\huangxiao\git\Test-UI-AndroidAuto\snapshot\AccountManageTestCase.testRealNameAndSetBankCard20170707054239.png&apos; onclick=&apos;window.open(&quot;C:\\Users\\huangxiao\\git\\Test-UI-AndroidAuto\\snapshot\\AccountManageTestCase.testRealNameAndSetBankCard20170707054239.png&quot;)&apos;&apos; hight=&apos;100&apos; width=&apos;100&apos;/&gt;</div></td></tr><tr><th>Exception</th></tr><tr><td><div class="stacktrace">org.openqa.selenium.WebDriverException: An unknown server-side error occurred while processing the command. (WARNING: The server did not provide any stacktrace information)
Command duration or timeout: 2.04 seconds
Build info: version: &apos;2.53.1&apos;, revision: &apos;a36b8b1cd5757287168e54b817830adce9b0158d&apos;, time: &apos;2016-06-30 19:26:09&apos;
System info: host: &apos;SZ-PC095HFZ&apos;, ip: &apos;172.16.40.57&apos;, os.name: &apos;Windows 7&apos;, os.arch: &apos;amd64&apos;, os.version: &apos;6.1&apos;, java.version: &apos;1.8.0_91&apos;
Driver info: io.appium.java_client.android.AndroidDriver
Capabilities [{app=C:\Users\huangxiao\git\Test-UI-AndroidAuto\app\app-default_channel.apk, appPackage=com.evergrande.eif.android.hengjiaosuo, networkConnectionEnabled=true, noReset=true, warnings={}, databaseEnabled=false, deviceName=127.0.0.1:52001, platform=LINUX, desired={app=C:\Users\huangxiao\git\Test-UI-AndroidAuto\app\app-default_channel.apk, appPackage=com.evergrande.eif.android.hengjiaosuo, noReset=true, platformVersion=4.4, unicodeKeyboard=true, platformName=Android, deviceName=127.0.0.1:52001, resetKeyboard=true}, platformVersion=4.4.2, webStorageEnabled=false, locationContextEnabled=false, browserName=Android, takesScreenshot=true, javascriptEnabled=true, unicodeKeyboard=true, platformName=Android, resetKeyboard=true}]
Session ID: 486ae47a-ee3b-4ab8-a542-275260475cd6
	at sun.reflect.NativeConstructorAccessorImpl.newInstance0(Native Method)
	at sun.reflect.NativeConstructorAccessorImpl.newInstance(NativeConstructorAccessorImpl.java:62)
	at sun.reflect.DelegatingConstructorAccessorImpl.newInstance(DelegatingConstructorAccessorImpl.java:45)
	at java.lang.reflect.Constructor.newInstance(Constructor.java:423)
	at org.openqa.selenium.remote.ErrorHandler.createThrowable(ErrorHandler.java:206)
	at org.openqa.selenium.remote.ErrorHandler.throwIfResponseFailed(ErrorHandler.java:158)
	at org.openqa.selenium.remote.RemoteWebDriver.execute(RemoteWebDriver.java:678)
	at io.appium.java_client.DefaultGenericMobileDriver.execute(DefaultGenericMobileDriver.java:42)
	at io.appium.java_client.AppiumDriver.execute(AppiumDriver.java:1)
	at io.appium.java_client.android.AndroidDriver.execute(AndroidDriver.java:1)
	at io.appium.java_client.AppiumDriver.performTouchAction(AppiumDriver.java:314)
	at io.appium.java_client.TouchAction.perform(TouchAction.java:301)
	at com.hjs.pages.GesturePwd.gestureTouchAction(GesturePwd.java:211)
	at com.hjs.pages.GesturePwd.inputGesturePwd(GesturePwd.java:200)
	at com.hjs.pages.HomePageObject.backToHomePage(HomePageObject.java:70)
	at com.hjs.cases.AccountManageTestCase.testRealNameAndSetBankCard(AccountManageTestCase.java:115)
	at sun.reflect.NativeMethodAccessorImpl.invoke0(Native Method)
	at sun.reflect.NativeMethodAccessorImpl.invoke(NativeMethodAccessorImpl.java:62)
	at sun.reflect.DelegatingMethodAccessorImpl.invoke(DelegatingMethodAccessorImpl.java:43)
	at java.lang.reflect.Method.invoke(Method.java:498)
	at org.testng.internal.MethodInvocationHelper.invokeMethod(MethodInvocationHelper.java:84)
	at org.testng.internal.Invoker.invokeMethod(Invoker.java:714)
	at org.testng.internal.Invoker.invokeTestMethod(Invoker.java:901)
	at org.testng.internal.Invoker.invokeTestMethods(Invoker.java:1231)
	at org.testng.internal.TestMethodWorker.invokeTestMethods(TestMethodWorker.java:127)
	at org.testng.internal.TestMethodWorker.run(TestMethodWorker.java:111)
	at org.testng.TestRunner.privateRun(TestRunner.java:767)
	at org.testng.TestRunner.run(TestRunner.java:617)
	at org.testng.SuiteRunner.runTest(SuiteRunner.java:348)
	at org.testng.SuiteRunner.runSequentially(SuiteRunner.java:343)
	at org.testng.SuiteRunner.privateRun(SuiteRunner.java:305)
	at org.testng.SuiteRunner.run(SuiteRunner.java:254)
	at org.testng.SuiteRunnerWorker.runSuite(SuiteRunnerWorker.java:52)
	at org.testng.SuiteRunnerWorker.run(SuiteRunnerWorker.java:86)
	at org.testng.TestNG.runSuitesSequentially(TestNG.java:1224)
	at org.testng.TestNG.runSuitesLocally(TestNG.java:1149)
	at org.testng.TestNG.run(TestNG.java:1057)
	at org.testng.remote.AbstractRemoteTestNG.run(AbstractRemoteTestNG.java:132)
	at org.testng.remote.RemoteTestNG.initAndRun(RemoteTestNG.java:230)
	at org.testng.remote.RemoteTestNG.main(RemoteTestNG.java:76)
</div></td></tr></table><p class="totop"><a href="#summary">back to summary</a></p><h3 id="m1">com.hjs.cases.AccountManageTestCase#testUnBundBankCard</h3><table class="result"><tr><th>Messages</th></tr><tr><td><div class="messages">C:\Users\huangxiao\git\Test-UI-AndroidAuto\snapshot<br/>&lt;img src=&apos;C:\Users\huangxiao\git\Test-UI-AndroidAuto\snapshot\AccountManageTestCase.testUnBundBankCard20170707054239.png&apos; onclick=&apos;window.open(&quot;C:\\Users\\huangxiao\\git\\Test-UI-AndroidAuto\\snapshot\\AccountManageTestCase.testUnBundBankCard20170707054239.png&quot;)&apos;&apos; hight=&apos;100&apos; width=&apos;100&apos;/&gt;</div></td></tr><tr><th>Exception</th></tr><tr><td><div class="stacktrace">org.openqa.selenium.NoSuchElementException: Can&apos;t locate an element by this strategy: Locator map: 
- native content: &quot;By.id: gesture_login&quot; 
- html content: &quot;by id or name &quot;gestureLogin&quot;&quot;
For documentation on this error, please visit: http://seleniumhq.org/exceptions/no_such_element.html
Build info: version: &apos;2.53.1&apos;, revision: &apos;a36b8b1cd5757287168e54b817830adce9b0158d&apos;, time: &apos;2016-06-30 19:26:09&apos;
System info: host: &apos;SZ-PC095HFZ&apos;, ip: &apos;172.16.40.57&apos;, os.name: &apos;Windows 7&apos;, os.arch: &apos;amd64&apos;, os.version: &apos;6.1&apos;, java.version: &apos;1.8.0_91&apos;
Driver info: driver.version: unknown
	at io.appium.java_client.pagefactory.AppiumElementLocator.findElement(AppiumElementLocator.java:152)
	at io.appium.java_client.pagefactory.interceptors.InterceptorOfASingleElement.intercept(InterceptorOfASingleElement.java:51)
	at io.appium.java_client.android.AndroidElement$$EnhancerByCGLIB$$c48d426e.getLocation(&lt;generated&gt;)
	at com.hjs.pages.GesturePwd.getLoginPointList(GesturePwd.java:124)
	at com.hjs.pages.GesturePwd.inputGesturePwd(GesturePwd.java:199)
	at com.hjs.pages.HomePageObject.backToHomePage(HomePageObject.java:70)
	at com.hjs.cases.AccountManageTestCase.testUnBundBankCard(AccountManageTestCase.java:148)
	at sun.reflect.NativeMethodAccessorImpl.invoke0(Native Method)
	at sun.reflect.NativeMethodAccessorImpl.invoke(NativeMethodAccessorImpl.java:62)
	at sun.reflect.DelegatingMethodAccessorImpl.invoke(DelegatingMethodAccessorImpl.java:43)
	at java.lang.reflect.Method.invoke(Method.java:498)
	at org.testng.internal.MethodInvocationHelper.invokeMethod(MethodInvocationHelper.java:84)
	at org.testng.internal.Invoker.invokeMethod(Invoker.java:714)
	at org.testng.internal.Invoker.invokeTestMethod(Invoker.java:901)
	at org.testng.internal.Invoker.invokeTestMethods(Invoker.java:1231)
	at org.testng.internal.TestMethodWorker.invokeTestMethods(TestMethodWorker.java:127)
	at org.testng.internal.TestMethodWorker.run(TestMethodWorker.java:111)
	at org.testng.TestRunner.privateRun(TestRunner.java:767)
	at org.testng.TestRunner.run(TestRunner.java:617)
	at org.testng.SuiteRunner.runTest(SuiteRunner.java:348)
	at org.testng.SuiteRunner.runSequentially(SuiteRunner.java:343)
	at org.testng.SuiteRunner.privateRun(SuiteRunner.java:305)
	at org.testng.SuiteRunner.run(SuiteRunner.java:254)
	at org.testng.SuiteRunnerWorker.runSuite(SuiteRunnerWorker.java:52)
	at org.testng.SuiteRunnerWorker.run(SuiteRunnerWorker.java:86)
	at org.testng.TestNG.runSuitesSequentially(TestNG.java:1224)
	at org.testng.TestNG.runSuitesLocally(TestNG.java:1149)
	at org.testng.TestNG.run(TestNG.java:1057)
	at org.testng.remote.AbstractRemoteTestNG.run(AbstractRemoteTestNG.java:132)
	at org.testng.remote.RemoteTestNG.initAndRun(RemoteTestNG.java:230)
	at org.testng.remote.RemoteTestNG.main(RemoteTestNG.java:76)
</div></td></tr></table><p class="totop"><a href="#summary">back to summary</a></p></body></html>