<?xml version="1.0" encoding="UTF-8"?>
<testng-results skipped="0" failed="2" total="2" passed="0">
  <reporter-output>
    <line>
      <![CDATA[C:\Users\huangxiao\git\Test-UI-AndroidAuto\snapshot]]>
    </line>
    <line>
      <![CDATA[<img src='C:\Users\huangxiao\git\Test-UI-AndroidAuto\snapshot\AccountManageTestCase.testRealNameAndSetBankCard20170707054239.png' onclick='window.open("C:\\Users\\huangxiao\\git\\Test-UI-AndroidAuto\\snapshot\\AccountManageTestCase.testRealNameAndSetBankCard20170707054239.png")'' hight='100' width='100'/>]]>
    </line>
    <line>
      <![CDATA[C:\Users\huangxiao\git\Test-UI-AndroidAuto\snapshot]]>
    </line>
    <line>
      <![CDATA[<img src='C:\Users\huangxiao\git\Test-UI-AndroidAuto\snapshot\AccountManageTestCase.testUnBundBankCard20170707054239.png' onclick='window.open("C:\\Users\\huangxiao\\git\\Test-UI-AndroidAuto\\snapshot\\AccountManageTestCase.testUnBundBankCard20170707054239.png")'' hight='100' width='100'/>]]>
    </line>
  </reporter-output>
  <suite name="TestNG 项目报告" duration-ms="48070" started-at="2017-07-07T09:43:12Z" finished-at="2017-07-07T09:44:00Z">
    <groups>
    </groups>
    <test name="AppTest" duration-ms="48070" started-at="2017-07-07T09:43:12Z" finished-at="2017-07-07T09:44:00Z">
      <class name="com.hjs.cases.AccountManageTestCase">
        <test-method status="PASS" signature="setUp()[pri:0, instance:com.hjs.cases.AccountManageTestCase@a7e666]" name="setUp" is-config="true" duration-ms="32774" started-at="2017-07-07T17:42:39Z" finished-at="2017-07-07T17:43:12Z">
          <reporter-output>
          </reporter-output>
        </test-method> <!-- setUp -->
        <test-method status="FAIL" signature="testRealNameAndSetBankCard()[pri:0, instance:com.hjs.cases.AccountManageTestCase@a7e666]" name="testRealNameAndSetBankCard" duration-ms="16786" started-at="2017-07-07T17:43:12Z" description="实名并设置银行卡" finished-at="2017-07-07T17:43:29Z">
          <exception class="org.openqa.selenium.WebDriverException">
            <message>
              <![CDATA[An unknown server-side error occurred while processing the command. (WARNING: The server did not provide any stacktrace information)
Command duration or timeout: 2.04 seconds
Build info: version: '2.53.1', revision: 'a36b8b1cd5757287168e54b817830adce9b0158d', time: '2016-06-30 19:26:09'
System info: host: 'SZ-PC095HFZ', ip: '172.16.40.57', os.name: 'Windows 7', os.arch: 'amd64', os.version: '6.1', java.version: '1.8.0_91'
Driver info: io.appium.java_client.android.AndroidDriver
Capabilities [{app=C:\Users\huangxiao\git\Test-UI-AndroidAuto\app\app-default_channel.apk, appPackage=com.evergrande.eif.android.hengjiaosuo, networkConnectionEnabled=true, noReset=true, warnings={}, databaseEnabled=false, deviceName=127.0.0.1:52001, platform=LINUX, desired={app=C:\Users\huangxiao\git\Test-UI-AndroidAuto\app\app-default_channel.apk, appPackage=com.evergrande.eif.android.hengjiaosuo, noReset=true, platformVersion=4.4, unicodeKeyboard=true, platformName=Android, deviceName=127.0.0.1:52001, resetKeyboard=true}, platformVersion=4.4.2, webStorageEnabled=false, locationContextEnabled=false, browserName=Android, takesScreenshot=true, javascriptEnabled=true, unicodeKeyboard=true, platformName=Android, resetKeyboard=true}]
Session ID: 486ae47a-ee3b-4ab8-a542-275260475cd6]]>
            </message>
            <full-stacktrace>
              <![CDATA[org.openqa.selenium.WebDriverException: An unknown server-side error occurred while processing the command. (WARNING: The server did not provide any stacktrace information)
Command duration or timeout: 2.04 seconds
Build info: version: '2.53.1', revision: 'a36b8b1cd5757287168e54b817830adce9b0158d', time: '2016-06-30 19:26:09'
System info: host: 'SZ-PC095HFZ', ip: '172.16.40.57', os.name: 'Windows 7', os.arch: 'amd64', os.version: '6.1', java.version: '1.8.0_91'
Driver info: io.appium.java_client.android.AndroidDriver
Capabilities [{app=C:\Users\huangxiao\git\Test-UI-AndroidAuto\app\app-default_channel.apk, appPackage=com.evergrande.eif.android.hengjiaosuo, networkConnectionEnabled=true, noReset=true, warnings={}, databaseEnabled=false, deviceName=127.0.0.1:52001, platform=LINUX, desired={app=C:\Users\huangxiao\git\Test-UI-AndroidAuto\app\app-default_channel.apk, appPackage=com.evergrande.eif.android.hengjiaosuo, noReset=true, platformVersion=4.4, unicodeKeyboard=true, platformName=Android, deviceName=127.0.0.1:52001, resetKeyboard=true}, platformVersion=4.4.2, webStorageEnabled=false, locationContextEnabled=false, browserName=Android, takesScreenshot=true, javascriptEnabled=true, unicodeKeyboard=true, platformName=Android, resetKeyboard=true}]
Session ID: 486ae47a-ee3b-4ab8-a542-275260475cd6
	at sun.reflect.NativeConstructorAccessorImpl.newInstance0(Native Method)
	at sun.reflect.NativeConstructorAccessorImpl.newInstance(NativeConstructorAccessorImpl.java:62)
	at sun.reflect.DelegatingConstructorAccessorImpl.newInstance(DelegatingConstructorAccessorImpl.java:45)
	at java.lang.reflect.Constructor.newInstance(Constructor.java:423)
	at org.openqa.selenium.remote.ErrorHandler.createThrowable(ErrorHandler.java:206)
	at org.openqa.selenium.remote.ErrorHandler.throwIfResponseFailed(ErrorHandler.java:158)
	at org.openqa.selenium.remote.RemoteWebDriver.execute(RemoteWebDriver.java:678)
	at io.appium.java_client.DefaultGenericMobileDriver.execute(DefaultGenericMobileDriver.java:42)
	at io.appium.java_client.AppiumDriver.execute(AppiumDriver.java:1)
	at io.appium.java_client.android.AndroidDriver.execute(AndroidDriver.java:1)
	at io.appium.java_client.AppiumDriver.performTouchAction(AppiumDriver.java:314)
	at io.appium.java_client.TouchAction.perform(TouchAction.java:301)
	at com.hjs.pages.GesturePwd.gestureTouchAction(GesturePwd.java:211)
	at com.hjs.pages.GesturePwd.inputGesturePwd(GesturePwd.java:200)
	at com.hjs.pages.HomePageObject.backToHomePage(HomePageObject.java:70)
	at com.hjs.cases.AccountManageTestCase.testRealNameAndSetBankCard(AccountManageTestCase.java:115)
	at sun.reflect.NativeMethodAccessorImpl.invoke0(Native Method)
	at sun.reflect.NativeMethodAccessorImpl.invoke(NativeMethodAccessorImpl.java:62)
	at sun.reflect.DelegatingMethodAccessorImpl.invoke(DelegatingMethodAccessorImpl.java:43)
	at java.lang.reflect.Method.invoke(Method.java:498)
	at org.testng.internal.MethodInvocationHelper.invokeMethod(MethodInvocationHelper.java:84)
	at org.testng.internal.Invoker.invokeMethod(Invoker.java:714)
	at org.testng.internal.Invoker.invokeTestMethod(Invoker.java:901)
	at org.testng.internal.Invoker.invokeTestMethods(Invoker.java:1231)
	at org.testng.internal.TestMethodWorker.invokeTestMethods(TestMethodWorker.java:127)
	at org.testng.internal.TestMethodWorker.run(TestMethodWorker.java:111)
	at org.testng.TestRunner.privateRun(TestRunner.java:767)
	at org.testng.TestRunner.run(TestRunner.java:617)
	at org.testng.SuiteRunner.runTest(SuiteRunner.java:348)
	at org.testng.SuiteRunner.runSequentially(SuiteRunner.java:343)
	at org.testng.SuiteRunner.privateRun(SuiteRunner.java:305)
	at org.testng.SuiteRunner.run(SuiteRunner.java:254)
	at org.testng.SuiteRunnerWorker.runSuite(SuiteRunnerWorker.java:52)
	at org.testng.SuiteRunnerWorker.run(SuiteRunnerWorker.java:86)
	at org.testng.TestNG.runSuitesSequentially(TestNG.java:1224)
	at org.testng.TestNG.runSuitesLocally(TestNG.java:1149)
	at org.testng.TestNG.run(TestNG.java:1057)
	at org.testng.remote.AbstractRemoteTestNG.run(AbstractRemoteTestNG.java:132)
	at org.testng.remote.RemoteTestNG.initAndRun(RemoteTestNG.java:230)
	at org.testng.remote.RemoteTestNG.main(RemoteTestNG.java:76)
]]>
            </full-stacktrace>
          </exception> <!-- org.openqa.selenium.WebDriverException -->
          <reporter-output>
            <line>
              <![CDATA[C:\Users\huangxiao\git\Test-UI-AndroidAuto\snapshot]]>
            </line>
            <line>
              <![CDATA[<img src='C:\Users\huangxiao\git\Test-UI-AndroidAuto\snapshot\AccountManageTestCase.testRealNameAndSetBankCard20170707054239.png' onclick='window.open("C:\\Users\\huangxiao\\git\\Test-UI-AndroidAuto\\snapshot\\AccountManageTestCase.testRealNameAndSetBankCard20170707054239.png")'' hight='100' width='100'/>]]>
            </line>
          </reporter-output>
        </test-method> <!-- testRealNameAndSetBankCard -->
        <test-method status="PASS" signature="afterMethod(org.testng.ITestResult)[pri:0, instance:com.hjs.cases.AccountManageTestCase@a7e666]" name="afterMethod" is-config="true" duration-ms="2" started-at="2017-07-07T17:43:30Z" finished-at="2017-07-07T17:43:30Z">
          <params>
            <param index="0">
              <value>
                <![CDATA[[TestResult name=testRealNameAndSetBankCard status=FAILURE method=AccountManageTestCase.testRealNameAndSetBankCard()[pri:0, instance:com.hjs.cases.AccountManageTestCase@a7e666] output=C:\Users\huangxiao\git\Test-UI-AndroidAuto\snapshot]]]>
              </value>
            </param>
          </params>
          <reporter-output>
          </reporter-output>
        </test-method> <!-- afterMethod -->
        <test-method status="FAIL" signature="testUnBundBankCard()[pri:0, instance:com.hjs.cases.AccountManageTestCase@a7e666]" name="testUnBundBankCard" duration-ms="29717" started-at="2017-07-07T17:43:30Z" description="解绑银行卡" finished-at="2017-07-07T17:44:00Z">
          <exception class="org.openqa.selenium.NoSuchElementException">
            <message>
              <![CDATA[Can't locate an element by this strategy: Locator map: 
- native content: "By.id: gesture_login" 
- html content: "by id or name "gestureLogin""
For documentation on this error, please visit: http://seleniumhq.org/exceptions/no_such_element.html
Build info: version: '2.53.1', revision: 'a36b8b1cd5757287168e54b817830adce9b0158d', time: '2016-06-30 19:26:09'
System info: host: 'SZ-PC095HFZ', ip: '172.16.40.57', os.name: 'Windows 7', os.arch: 'amd64', os.version: '6.1', java.version: '1.8.0_91'
Driver info: driver.version: unknown]]>
            </message>
            <full-stacktrace>
              <![CDATA[org.openqa.selenium.NoSuchElementException: Can't locate an element by this strategy: Locator map: 
- native content: "By.id: gesture_login" 
- html content: "by id or name "gestureLogin""
For documentation on this error, please visit: http://seleniumhq.org/exceptions/no_such_element.html
Build info: version: '2.53.1', revision: 'a36b8b1cd5757287168e54b817830adce9b0158d', time: '2016-06-30 19:26:09'
System info: host: 'SZ-PC095HFZ', ip: '172.16.40.57', os.name: 'Windows 7', os.arch: 'amd64', os.version: '6.1', java.version: '1.8.0_91'
Driver info: driver.version: unknown
	at io.appium.java_client.pagefactory.AppiumElementLocator.findElement(AppiumElementLocator.java:152)
	at io.appium.java_client.pagefactory.interceptors.InterceptorOfASingleElement.intercept(InterceptorOfASingleElement.java:51)
	at io.appium.java_client.android.AndroidElement$$EnhancerByCGLIB$$c48d426e.getLocation(<generated>)
	at com.hjs.pages.GesturePwd.getLoginPointList(GesturePwd.java:124)
	at com.hjs.pages.GesturePwd.inputGesturePwd(GesturePwd.java:199)
	at com.hjs.pages.HomePageObject.backToHomePage(HomePageObject.java:70)
	at com.hjs.cases.AccountManageTestCase.testUnBundBankCard(AccountManageTestCase.java:148)
	at sun.reflect.NativeMethodAccessorImpl.invoke0(Native Method)
	at sun.reflect.NativeMethodAccessorImpl.invoke(NativeMethodAccessorImpl.java:62)
	at sun.reflect.DelegatingMethodAccessorImpl.invoke(DelegatingMethodAccessorImpl.java:43)
	at java.lang.reflect.Method.invoke(Method.java:498)
	at org.testng.internal.MethodInvocationHelper.invokeMethod(MethodInvocationHelper.java:84)
	at org.testng.internal.Invoker.invokeMethod(Invoker.java:714)
	at org.testng.internal.Invoker.invokeTestMethod(Invoker.java:901)
	at org.testng.internal.Invoker.invokeTestMethods(Invoker.java:1231)
	at org.testng.internal.TestMethodWorker.invokeTestMethods(TestMethodWorker.java:127)
	at org.testng.internal.TestMethodWorker.run(TestMethodWorker.java:111)
	at org.testng.TestRunner.privateRun(TestRunner.java:767)
	at org.testng.TestRunner.run(TestRunner.java:617)
	at org.testng.SuiteRunner.runTest(SuiteRunner.java:348)
	at org.testng.SuiteRunner.runSequentially(SuiteRunner.java:343)
	at org.testng.SuiteRunner.privateRun(SuiteRunner.java:305)
	at org.testng.SuiteRunner.run(SuiteRunner.java:254)
	at org.testng.SuiteRunnerWorker.runSuite(SuiteRunnerWorker.java:52)
	at org.testng.SuiteRunnerWorker.run(SuiteRunnerWorker.java:86)
	at org.testng.TestNG.runSuitesSequentially(TestNG.java:1224)
	at org.testng.TestNG.runSuitesLocally(TestNG.java:1149)
	at org.testng.TestNG.run(TestNG.java:1057)
	at org.testng.remote.AbstractRemoteTestNG.run(AbstractRemoteTestNG.java:132)
	at org.testng.remote.RemoteTestNG.initAndRun(RemoteTestNG.java:230)
	at org.testng.remote.RemoteTestNG.main(RemoteTestNG.java:76)
]]>
            </full-stacktrace>
          </exception> <!-- org.openqa.selenium.NoSuchElementException -->
          <reporter-output>
            <line>
              <![CDATA[C:\Users\huangxiao\git\Test-UI-AndroidAuto\snapshot]]>
            </line>
            <line>
              <![CDATA[<img src='C:\Users\huangxiao\git\Test-UI-AndroidAuto\snapshot\AccountManageTestCase.testUnBundBankCard20170707054239.png' onclick='window.open("C:\\Users\\huangxiao\\git\\Test-UI-AndroidAuto\\snapshot\\AccountManageTestCase.testUnBundBankCard20170707054239.png")'' hight='100' width='100'/>]]>
            </line>
          </reporter-output>
        </test-method> <!-- testUnBundBankCard -->
        <test-method status="PASS" signature="afterMethod(org.testng.ITestResult)[pri:0, instance:com.hjs.cases.AccountManageTestCase@a7e666]" name="afterMethod" is-config="true" duration-ms="0" started-at="2017-07-07T17:44:00Z" finished-at="2017-07-07T17:44:00Z">
          <params>
            <param index="0">
              <value>
                <![CDATA[[TestResult name=testUnBundBankCard status=FAILURE method=AccountManageTestCase.testUnBundBankCard()[pri:0, instance:com.hjs.cases.AccountManageTestCase@a7e666] output=C:\Users\huangxiao\git\Test-UI-AndroidAuto\snapshot]]]>
              </value>
            </param>
          </params>
          <reporter-output>
          </reporter-output>
        </test-method> <!-- afterMethod -->
        <test-method status="PASS" signature="tearDown()[pri:0, instance:com.hjs.cases.AccountManageTestCase@a7e666]" name="tearDown" is-config="true" duration-ms="1875" started-at="2017-07-07T17:44:00Z" finished-at="2017-07-07T17:44:02Z">
          <reporter-output>
          </reporter-output>
        </test-method> <!-- tearDown -->
      </class> <!-- com.hjs.cases.AccountManageTestCase -->
    </test> <!-- AppTest -->
  </suite> <!-- TestNG 项目报告 -->
</testng-results>
