<?xml version="1.0" encoding="UTF-8"?>
<!-- Generated by org.testng.reporters.JUnitReportReporter -->
<testsuite hostname="SZ-PC095HFZ" name="com.hjs.cases.TradeTestCase" tests="17" failures="4" timestamp="10 Jul 2017 11:51:17 GMT" time="1737.781" errors="1">
  <testcase name="test充值" time="117.204" classname="com.hjs.cases.TradeTestCase"/>
  <testcase name="test银行卡现金券无验证码购买定期产品" time="106.233" classname="com.hjs.cases.TradeTestCase"/>
  <testcase name="test银行卡不带券购买定期产品" time="120.322" classname="com.hjs.cases.TradeTestCase"/>
  <testcase name="test理财页产品信息" time="160.020" classname="com.hjs.cases.TradeTestCase">
    <failure type="java.lang.Exception" message="滑动到底找不到该元素//android.widget.TextView[@text=&#039;黄XAutoTest产品170710192429&#039;]">
      <![CDATA[java.lang.Exception: 滑动到底找不到该元素//android.widget.TextView[@text='黄XAutoTest产品170710192429']
	at com.hjs.config.CommonAppiumPage.scrollTo(CommonAppiumPage.java:117)
	at com.hjs.pages.FinancialPageObject.testProductInfo(FinancialPageObject.java:54)
	at com.hjs.cases.TradeTestCase.test理财页产品信息(TradeTestCase.java:64)
	at sun.reflect.NativeMethodAccessorImpl.invoke0(Native Method)
	at sun.reflect.NativeMethodAccessorImpl.invoke(NativeMethodAccessorImpl.java:62)
	at sun.reflect.DelegatingMethodAccessorImpl.invoke(DelegatingMethodAccessorImpl.java:43)
	at java.lang.reflect.Method.invoke(Method.java:498)
	at org.testng.internal.MethodInvocationHelper.invokeMethod(MethodInvocationHelper.java:84)
	at org.testng.internal.Invoker.invokeMethod(Invoker.java:714)
	at org.testng.internal.Invoker.invokeTestMethod(Invoker.java:901)
	at org.testng.internal.Invoker.invokeTestMethods(Invoker.java:1231)
	at org.testng.internal.TestMethodWorker.invokeTestMethods(TestMethodWorker.java:127)
	at org.testng.internal.TestMethodWorker.run(TestMethodWorker.java:111)
	at org.testng.TestRunner.privateRun(TestRunner.java:767)
	at org.testng.TestRunner.run(TestRunner.java:617)
	at org.testng.SuiteRunner.runTest(SuiteRunner.java:348)
	at org.testng.SuiteRunner.runSequentially(SuiteRunner.java:343)
	at org.testng.SuiteRunner.privateRun(SuiteRunner.java:305)
	at org.testng.SuiteRunner.run(SuiteRunner.java:254)
	at org.testng.SuiteRunnerWorker.runSuite(SuiteRunnerWorker.java:52)
	at org.testng.SuiteRunnerWorker.run(SuiteRunnerWorker.java:86)
	at org.testng.TestNG.runSuitesSequentially(TestNG.java:1224)
	at org.testng.TestNG.runSuitesLocally(TestNG.java:1149)
	at org.testng.TestNG.run(TestNG.java:1057)
	at org.testng.remote.AbstractRemoteTestNG.run(AbstractRemoteTestNG.java:132)
	at org.testng.remote.RemoteTestNG.initAndRun(RemoteTestNG.java:230)
	at org.testng.remote.RemoteTestNG.main(RemoteTestNG.java:76)
]]>
    </failure>
  </testcase> <!-- test理财页产品信息 -->
  <testcase name="test银行卡现金券购买定期产品" time="123.641" classname="com.hjs.cases.TradeTestCase"/>
  <testcase name="test我的定期产品信息" time="54.747" classname="com.hjs.cases.TradeTestCase"/>
  <testcase name="test银行卡不带券购买定期产品失败场景" time="136.188" classname="com.hjs.cases.TradeTestCase">
    <error type="java.lang.AssertionError" message="未跳转到投资失败页面，页面信息为:投资申请已提交 expected [true] but found [false]">
      <![CDATA[java.lang.AssertionError: 未跳转到投资失败页面，页面信息为:投资申请已提交 expected [true] but found [false]
	at org.testng.Assert.fail(Assert.java:94)
	at org.testng.Assert.failNotEquals(Assert.java:494)
	at org.testng.Assert.assertTrue(Assert.java:42)
	at com.hjs.cases.TradeTestCase.test银行卡不带券购买定期产品失败场景(TradeTestCase.java:327)
	at sun.reflect.NativeMethodAccessorImpl.invoke0(Native Method)
	at sun.reflect.NativeMethodAccessorImpl.invoke(NativeMethodAccessorImpl.java:62)
	at sun.reflect.DelegatingMethodAccessorImpl.invoke(DelegatingMethodAccessorImpl.java:43)
	at java.lang.reflect.Method.invoke(Method.java:498)
	at org.testng.internal.MethodInvocationHelper.invokeMethod(MethodInvocationHelper.java:84)
	at org.testng.internal.Invoker.invokeMethod(Invoker.java:714)
	at org.testng.internal.Invoker.invokeTestMethod(Invoker.java:901)
	at org.testng.internal.Invoker.invokeTestMethods(Invoker.java:1231)
	at org.testng.internal.TestMethodWorker.invokeTestMethods(TestMethodWorker.java:127)
	at org.testng.internal.TestMethodWorker.run(TestMethodWorker.java:111)
	at org.testng.TestRunner.privateRun(TestRunner.java:767)
	at org.testng.TestRunner.run(TestRunner.java:617)
	at org.testng.SuiteRunner.runTest(SuiteRunner.java:348)
	at org.testng.SuiteRunner.runSequentially(SuiteRunner.java:343)
	at org.testng.SuiteRunner.privateRun(SuiteRunner.java:305)
	at org.testng.SuiteRunner.run(SuiteRunner.java:254)
	at org.testng.SuiteRunnerWorker.runSuite(SuiteRunnerWorker.java:52)
	at org.testng.SuiteRunnerWorker.run(SuiteRunnerWorker.java:86)
	at org.testng.TestNG.runSuitesSequentially(TestNG.java:1224)
	at org.testng.TestNG.runSuitesLocally(TestNG.java:1149)
	at org.testng.TestNG.run(TestNG.java:1057)
	at org.testng.remote.AbstractRemoteTestNG.run(AbstractRemoteTestNG.java:132)
	at org.testng.remote.RemoteTestNG.initAndRun(RemoteTestNG.java:230)
	at org.testng.remote.RemoteTestNG.main(RemoteTestNG.java:76)
]]>
    </error>
  </testcase> <!-- test银行卡不带券购买定期产品失败场景 -->
  <testcase name="test余额不带券购买活期产品" time="51.512" classname="com.hjs.cases.TradeTestCase">
    <failure type="java.lang.Exception" message="滑动到底找不到该元素//android.widget.TextView[@text=&#039;恒存金(10000038)&#039;]">
      <![CDATA[java.lang.Exception: 滑动到底找不到该元素//android.widget.TextView[@text='恒存金(10000038)']
	at com.hjs.config.CommonAppiumPage.scrollTo(CommonAppiumPage.java:117)
	at com.hjs.pages.FinancialPageObject.clickCurrentDepositProduct(FinancialPageObject.java:34)
	at com.hjs.cases.TradeTestCase.test余额不带券购买活期产品(TradeTestCase.java:279)
	at sun.reflect.NativeMethodAccessorImpl.invoke0(Native Method)
	at sun.reflect.NativeMethodAccessorImpl.invoke(NativeMethodAccessorImpl.java:62)
	at sun.reflect.DelegatingMethodAccessorImpl.invoke(DelegatingMethodAccessorImpl.java:43)
	at java.lang.reflect.Method.invoke(Method.java:498)
	at org.testng.internal.MethodInvocationHelper.invokeMethod(MethodInvocationHelper.java:84)
	at org.testng.internal.Invoker.invokeMethod(Invoker.java:714)
	at org.testng.internal.Invoker.invokeTestMethod(Invoker.java:901)
	at org.testng.internal.Invoker.invokeTestMethods(Invoker.java:1231)
	at org.testng.internal.TestMethodWorker.invokeTestMethods(TestMethodWorker.java:127)
	at org.testng.internal.TestMethodWorker.run(TestMethodWorker.java:111)
	at org.testng.TestRunner.privateRun(TestRunner.java:767)
	at org.testng.TestRunner.run(TestRunner.java:617)
	at org.testng.SuiteRunner.runTest(SuiteRunner.java:348)
	at org.testng.SuiteRunner.runSequentially(SuiteRunner.java:343)
	at org.testng.SuiteRunner.privateRun(SuiteRunner.java:305)
	at org.testng.SuiteRunner.run(SuiteRunner.java:254)
	at org.testng.SuiteRunnerWorker.runSuite(SuiteRunnerWorker.java:52)
	at org.testng.SuiteRunnerWorker.run(SuiteRunnerWorker.java:86)
	at org.testng.TestNG.runSuitesSequentially(TestNG.java:1224)
	at org.testng.TestNG.runSuitesLocally(TestNG.java:1149)
	at org.testng.TestNG.run(TestNG.java:1057)
	at org.testng.remote.AbstractRemoteTestNG.run(AbstractRemoteTestNG.java:132)
	at org.testng.remote.RemoteTestNG.initAndRun(RemoteTestNG.java:230)
	at org.testng.remote.RemoteTestNG.main(RemoteTestNG.java:76)
]]>
    </failure>
  </testcase> <!-- test余额不带券购买活期产品 -->
  <testcase name="test银行卡不带券无短信验证码购买定期产品" time="107.910" classname="com.hjs.cases.TradeTestCase"/>
  <testcase name="test赎回活期产品到余额" time="134.074" classname="com.hjs.cases.TradeTestCase">
    <failure type="java.lang.Exception" message="滑动到底找不到该元素//android.widget.TextView[@text=&#039;恒存金(10000038)&#039;]">
      <![CDATA[java.lang.Exception: 滑动到底找不到该元素//android.widget.TextView[@text='恒存金(10000038)']
	at com.hjs.config.CommonAppiumPage.scrollTo(CommonAppiumPage.java:117)
	at com.hjs.pages.FinancialPageObject.clickCurrentDepositProduct(FinancialPageObject.java:34)
	at com.hjs.cases.TradeTestCase.test赎回活期产品到余额(TradeTestCase.java:388)
	at sun.reflect.NativeMethodAccessorImpl.invoke0(Native Method)
	at sun.reflect.NativeMethodAccessorImpl.invoke(NativeMethodAccessorImpl.java:62)
	at sun.reflect.DelegatingMethodAccessorImpl.invoke(DelegatingMethodAccessorImpl.java:43)
	at java.lang.reflect.Method.invoke(Method.java:498)
	at org.testng.internal.MethodInvocationHelper.invokeMethod(MethodInvocationHelper.java:84)
	at org.testng.internal.Invoker.invokeMethod(Invoker.java:714)
	at org.testng.internal.Invoker.invokeTestMethod(Invoker.java:901)
	at org.testng.internal.Invoker.invokeTestMethods(Invoker.java:1231)
	at org.testng.internal.TestMethodWorker.invokeTestMethods(TestMethodWorker.java:127)
	at org.testng.internal.TestMethodWorker.run(TestMethodWorker.java:111)
	at org.testng.TestRunner.privateRun(TestRunner.java:767)
	at org.testng.TestRunner.run(TestRunner.java:617)
	at org.testng.SuiteRunner.runTest(SuiteRunner.java:348)
	at org.testng.SuiteRunner.runSequentially(SuiteRunner.java:343)
	at org.testng.SuiteRunner.privateRun(SuiteRunner.java:305)
	at org.testng.SuiteRunner.run(SuiteRunner.java:254)
	at org.testng.SuiteRunnerWorker.runSuite(SuiteRunnerWorker.java:52)
	at org.testng.SuiteRunnerWorker.run(SuiteRunnerWorker.java:86)
	at org.testng.TestNG.runSuitesSequentially(TestNG.java:1224)
	at org.testng.TestNG.runSuitesLocally(TestNG.java:1149)
	at org.testng.TestNG.run(TestNG.java:1057)
	at org.testng.remote.AbstractRemoteTestNG.run(AbstractRemoteTestNG.java:132)
	at org.testng.remote.RemoteTestNG.initAndRun(RemoteTestNG.java:230)
	at org.testng.remote.RemoteTestNG.main(RemoteTestNG.java:76)
]]>
    </failure>
  </testcase> <!-- test赎回活期产品到余额 -->
  <testcase name="test银行卡不带券购买活期产品" time="52.806" classname="com.hjs.cases.TradeTestCase">
    <failure type="java.lang.Exception" message="滑动到底找不到该元素//android.widget.TextView[@text=&#039;恒存金(10000038)&#039;]">
      <![CDATA[java.lang.Exception: 滑动到底找不到该元素//android.widget.TextView[@text='恒存金(10000038)']
	at com.hjs.config.CommonAppiumPage.scrollTo(CommonAppiumPage.java:117)
	at com.hjs.pages.FinancialPageObject.clickCurrentDepositProduct(FinancialPageObject.java:34)
	at com.hjs.cases.TradeTestCase.test银行卡不带券购买活期产品(TradeTestCase.java:298)
	at sun.reflect.NativeMethodAccessorImpl.invoke0(Native Method)
	at sun.reflect.NativeMethodAccessorImpl.invoke(NativeMethodAccessorImpl.java:62)
	at sun.reflect.DelegatingMethodAccessorImpl.invoke(DelegatingMethodAccessorImpl.java:43)
	at java.lang.reflect.Method.invoke(Method.java:498)
	at org.testng.internal.MethodInvocationHelper.invokeMethod(MethodInvocationHelper.java:84)
	at org.testng.internal.Invoker.invokeMethod(Invoker.java:714)
	at org.testng.internal.Invoker.invokeTestMethod(Invoker.java:901)
	at org.testng.internal.Invoker.invokeTestMethods(Invoker.java:1231)
	at org.testng.internal.TestMethodWorker.invokeTestMethods(TestMethodWorker.java:127)
	at org.testng.internal.TestMethodWorker.run(TestMethodWorker.java:111)
	at org.testng.TestRunner.privateRun(TestRunner.java:767)
	at org.testng.TestRunner.run(TestRunner.java:617)
	at org.testng.SuiteRunner.runTest(SuiteRunner.java:348)
	at org.testng.SuiteRunner.runSequentially(SuiteRunner.java:343)
	at org.testng.SuiteRunner.privateRun(SuiteRunner.java:305)
	at org.testng.SuiteRunner.run(SuiteRunner.java:254)
	at org.testng.SuiteRunnerWorker.runSuite(SuiteRunnerWorker.java:52)
	at org.testng.SuiteRunnerWorker.run(SuiteRunnerWorker.java:86)
	at org.testng.TestNG.runSuitesSequentially(TestNG.java:1224)
	at org.testng.TestNG.runSuitesLocally(TestNG.java:1149)
	at org.testng.TestNG.run(TestNG.java:1057)
	at org.testng.remote.AbstractRemoteTestNG.run(AbstractRemoteTestNG.java:132)
	at org.testng.remote.RemoteTestNG.initAndRun(RemoteTestNG.java:230)
	at org.testng.remote.RemoteTestNG.main(RemoteTestNG.java:76)
]]>
    </failure>
  </testcase> <!-- test银行卡不带券购买活期产品 -->
  <testcase name="test提现" time="82.521" classname="com.hjs.cases.TradeTestCase"/>
  <testcase name="test银行卡加息券无验证码购买定期产品" time="106.442" classname="com.hjs.cases.TradeTestCase"/>
  <testcase name="test银行卡加息券购买定期理财产品" time="118.937" classname="com.hjs.cases.TradeTestCase"/>
  <testcase name="test余额现金券购买定期产品" time="87.079" classname="com.hjs.cases.TradeTestCase"/>
  <testcase name="test余额加息券购买定期产品" time="89.078" classname="com.hjs.cases.TradeTestCase"/>
  <testcase name="test余额不带券购买定期产品" time="89.067" classname="com.hjs.cases.TradeTestCase"/>
</testsuite> <!-- com.hjs.cases.TradeTestCase -->
